This is pTeX, Version p2.1.5.beta12, based on TeX, Version 3.14159 (SJIS) (Web2c 7.0) (format=platex 5.8.11)  7 FEB 2006 00:57
**fukuso
(fukuso.tex
pLaTeX2e <1997/07/02>+2 (based on LaTeX2e <1997/06/01> patch level 0)
(c:/usr/local/share/texmf/tex/platex/local/myjbook.cls
Document Class: myjbook 1997/08/14 v1.3 Okumura's Classes
LaTeX Info: Redefining \sffamily on input line 28.
LaTeX Info: Redefining \ttfamily on input line 31.
(c:/usr/local/share/texmf/tex/platex/local/myjbk10.clo
File: myjbk10.clo 1997/08/14 v1.3 Okumura's Classes
LaTeX Font Info:    Font shape `JY1/mc/m/n' will be
(Font)              scaled to size 9.60999pt on input line 29.
)
\c@part=\count81
\c@chapter=\count82
\c@section=\count83
\c@subsection=\count84
\c@subsubsection=\count85
\c@paragraph=\count86
\c@subparagraph=\count87
\c@figure=\count88
\c@table=\count89
\abovecaptionskip=\skip41
\belowcaptionskip=\skip42
\@lnumwidth=\dimen118
\bibindent=\dimen119
)
(c:/usr/local/share/texmf/tex/latex/graphics/graphicx.sty
Package: graphicx 1997/06/09 v1.0d Enhanced LaTeX Graphics (DPC,SPQR)

(c:/usr/local/share/texmf/tex/latex/graphics/keyval.sty
Package: keyval 1995/09/21 v1.09 key=value parser (DPC)
)
(c:/usr/local/share/texmf/tex/latex/graphics/graphics.sty
Package: graphics 1997/06/07 v1.0d Standard LaTeX Graphics (DPC,SPQR)

(c:/usr/local/share/texmf/tex/latex/graphics/trig.sty
Package: trig 1994/10/16 v1.08 sin cos tan (DPC)
)
(c:/usr/local/share/texmf/tex/latex/config/graphics.cfg)
Package graphics Info: Driver file: dviout.def on input line 84.

(c:/usr/local/share/texmf/tex/latex/graphics/dviout.def
File: dviout.def 1997/6/29 Driver file of `dviout' for LaTeXe
))
\Gin@req@height=\dimen120
\Gin@req@width=\dimen121
)
(c:/usr/local/share/texmf/tex/latex/amsfonts/amsfonts.sty
Package: amsfonts 1997/03/24 v2.2c
\@emptytoks=\toks15
\symAMSa=\mathgroup4
\symAMSb=\mathgroup5
LaTeX Font Info:    Overwriting math alphabet `\mathfrak' in version `bold'
(Font)                  U/euf/m/n --> U/euf/b/n on input line 133.
)
(c:/usr/local/share/texmf/tex/latex/amslatex/amsmath.sty
Package: amsmath 1997/03/20 v1.2d AMS math features
\@mathmargin=\skip43

(c:/usr/local/share/texmf/tex/latex/amslatex/amstext.sty
Package: amstext 1996/10/28 v1.2b

(c:/usr/local/share/texmf/tex/latex/amslatex/amsgen.sty
File: amsgen 1996/10/29 v1.2b
\@emptytoks=\toks16
\ex@=\dimen122
))
(c:/usr/local/share/texmf/tex/latex/amslatex/amsbsy.sty
Package: amsbsy 1996/10/28 v1.2b
\pmbraise@=\dimen123
)
(c:/usr/local/share/texmf/tex/latex/amslatex/amsopn.sty
Package: amsopn 1996/10/28 v1.2b operator names
)
LaTeX Info: Redefining \frac on input line 188.
\uproot@=\count90
\leftroot@=\count91
\classnum@=\count92
\DOTSCASE@=\count93
LaTeX Info: Redefining \dots on input line 335.
LaTeX Info: Redefining \ldots on input line 418.
LaTeX Info: Redefining \cdots on input line 422.
\Mathstrutbox@=\box41
\strutbox@=\box42
\big@size=\dimen124
LaTeX Font Info:    Redeclaring font encoding OML on input line 500.
LaTeX Font Info:    Redeclaring font encoding OMS on input line 501.
\skewcharcount@=\count94
\familycount@=\count95
\pointcount@=\count96
\accentdimen@=\dimen125
\accentmu@=\count97
\minaw@=\dimen126
\c@MaxMatrixCols=\count98
\dotsspace@=\muskip10
\c@parentequation=\count99
\dspbrk@lvl=\count100
\tag@help=\toks17
\row@=\count101
\column@=\count102
\maxfields@=\count103
\andhelp@=\toks18
\eqnshift@=\dimen127
\alignsep@=\dimen128
\tagshift@=\dimen129
\tagwidth@=\dimen130
\totwidth@=\dimen131
\lineht@=\dimen132
\@envbody=\toks19
\multlinegap=\skip44
\multlinetaggap=\skip45
)
(c:/usr/local/share/texmf/tex/latex/amsfonts/amssymb.sty
Package: amssymb 1996/11/03 v2.2b
)
(c:/usr/local/share/texmf/tex/latex/amsfonts/eucal.sty
Package: eucal 1995/01/06 v2.2 Euler Script fonts
LaTeX Font Info:    Overwriting math alphabet `\EuScript' in version `bold'
(Font)                  U/eus/m/n --> U/eus/b/n on input line 47.
)
(c:/usr/local/share/texmf/tex/latex/base/latexsym.sty
Package: latexsym 1996/11/20 v2.2d Standard LaTeX package (lasy symbols)
\symlasy=\mathgroup6
LaTeX Font Info:    Overwriting symbol font `lasy' in version `bold'
(Font)                  U/lasy/m/n --> U/lasy/b/n on input line 85.
)
(c:/usr/local/share/texmf/tex/latex/misc/epic.sty
Enhancements to Picture Environment. Version 1.2 - Released June 1, 1986
\@@multicnt=\count104
\d@lta=\count105
\@delta=\dimen133
\@@delta=\dimen134
\@gridcnt=\count106
\@joinkind=\count107
\@dotgap=\dimen135
\@ddotgap=\dimen136
\@x@diff=\count108
\@y@diff=\count109
\x@diff=\dimen137
\y@diff=\dimen138
\@dotbox=\box43
\num@segments=\count110
\num@segmentsi=\count111
\@datafile=\read1
) (c:/usr/local/share/texmf/tex/latex/misc/eepic.sty
Extension to Epic and LaTeX. Version 1.1b - Released Febrary 7, 1988
\@gphlinewidth=\count112
\@eepictcnt=\count113
\@tempdimc=\dimen139
\maxovaldiam=\dimen140
\@filltype=\box44
) (c:/usr/local/share/texmf/tex/platex/base/ascmac.sty
(c:/usr/local/share/texmf/tex/platex/base/tascmac.sty
\@savetbaselineshift=\dimen141
\@saveybaselineshift=\dimen142
\scb@x=\box45
\scscb@x=\box46
\@bw=\dimen143
\@nbox=\box47
\@nbody=\box48
\@scw=\dimen144
\@itemh=\dimen145
\@iboxstr=\toks20
\@iboxpos=\toks21
\@bwsp=\box49
\@@bwsp=\box50
\@bcal=\count114
\shaderule=\dimen146
))
(c:/usr/local/share/texmf/tex/platex/base/accents.sty
Package: accents 2000/08/06 v1.2 Math Accent Tools
\cc@skew=\dimen147
\cc@wd=\dimen148
\cc@code=\count115
\cc@group=\count116
\cc@skewchar=\count117
) (fukuso.aux (sec0.aux)
(sec1x1.aux) (sec1x2.aux) (sec1x3.aux) (sec2x1.aux) (sec2x2.aux) (sec2x3.aux)
(sec2x4.aux) (sec2x5.aux

LaTeX Warning: Label `eq2x5x5' multiply defined.


LaTeX Warning: Label `fig11' multiply defined.


LaTeX Warning: Label `fig11' multiply defined.

) (sec2x6.aux) (sec2x7.aux))
\openout1 = `fukuso.aux'.

LaTeX Font Info:    Checking defaults for OML/cmm/m/it on input line 47.
LaTeX Font Info:    ... okay on input line 47.
LaTeX Font Info:    Checking defaults for T1/cmr/m/n on input line 47.
LaTeX Font Info:    ... okay on input line 47.
LaTeX Font Info:    Checking defaults for OT1/cmr/m/n on input line 47.
LaTeX Font Info:    ... okay on input line 47.
LaTeX Font Info:    Checking defaults for OMS/cmsy/m/n on input line 47.
LaTeX Font Info:    ... okay on input line 47.
LaTeX Font Info:    Checking defaults for OMX/cmex/m/n on input line 47.
LaTeX Font Info:    ... okay on input line 47.
LaTeX Font Info:    Checking defaults for U/cmr/m/n on input line 47.
LaTeX Font Info:    ... okay on input line 47.
LaTeX Font Info:    Checking defaults for JY1/mc/m/n on input line 47.
LaTeX Font Info:    ... okay on input line 47.
LaTeX Font Info:    Checking defaults for JT1/mc/m/n on input line 47.
LaTeX Font Info:    ... okay on input line 47.
\openout2 = `sec0.aux'.

 (sec0.tex
LaTeX Font Info:    Font shape `JY1/mc/m/n' will be
(Font)              scaled to size 16.60605pt on input line 4.
LaTeX Font Info:    Font shape `JY1/mc/m/n' will be
(Font)              scaled to size 11.53198pt on input line 4.
LaTeX Font Info:    Try loading font information for U+msa on input line 4.

(c:/usr/local/share/texmf/tex/latex/amsfonts/umsa.fd
File: umsa.fd 1995/01/05 v2.2e AMS font definitions
)
LaTeX Font Info:    Try loading font information for U+msb on input line 4.

(c:/usr/local/share/texmf/tex/latex/amsfonts/umsb.fd
File: umsb.fd 1995/01/05 v2.2e AMS font definitions
)
LaTeX Font Info:    Try loading font information for U+lasy on input line 4.

(c:/usr/local/share/texmf/tex/latex/base/ulasy.fd
File: ulasy.fd 1996/11/20 v2.2dLaTeX symbol font definitions
) [1




]
LaTeX Font Info:    Font shape `JY1/mc/m/n' will be
(Font)              scaled to size 13.83836pt on input line 13.
LaTeX Font Info:    Font shape `JY1/mc/bx/n' in size <10> not available
(Font)              Font shape `JY1/gt/m/n' tried instead on input line 25.
LaTeX Font Info:    Font shape `JY1/gt/m/n' will be
(Font)              scaled to size 9.60999pt on input line 25.
LaTeX Font Info:    Font shape `JT1/mc/bx/n' in size <10> not available
(Font)              Font shape `JT1/gt/m/n' tried instead on input line 25.
 [2]
LaTeX Font Info:    Font shape `JY1/mc/m/n' will be
(Font)              scaled to size 23.90964pt on input line 25.
LaTeX Font Info:    Font shape `JY1/gt/m/n' will be
(Font)              scaled to size 23.90964pt on input line 25.
) [3

] [4


] (fukuso.toc)
\tf@toc=\write3
\openout3 = `fukuso.toc'.

 [5] [6

]
\openout2 = `sec1x1.aux'.

 (sec1x1.tex
第1章
LaTeX Font Info:    Font shape `JY1/mc/m/n' will be
(Font)              scaled to size 19.9311pt on input line 1.
LaTeX Font Info:    Font shape `JY1/gt/m/n' will be
(Font)              scaled to size 19.9311pt on input line 1.
LaTeX Font Info:    Font shape `JY1/gt/m/n' will be
(Font)              scaled to size 13.83836pt on input line 7.
LaTeX Font Info:    Font shape `JY1/mc/m/n' will be
(Font)              scaled to size 6.72699pt on input line 45.
LaTeX Font Info:    Font shape `JY1/mc/m/n' will be
(Font)              scaled to size 4.805pt on input line 45.
File: fig2.bmp Graphic file (type bmp)
<fig2.bmp 226bp x 170bp>
LaTeX Font Info:    Font shape `JY1/mc/m/n' will be
(Font)              scaled to size 8.64899pt on input line 53.
) [1


] [2]
\openout2 = `sec1x2.aux'.

 (sec1x2.tex
File: fig3.bmp Graphic file (type bmp)
 <fig3.bmp 170bp x 170bp>
LaTeX Font Info:    Try loading font information for U+eus on input line 33.

(c:/usr/local/share/texmf/tex/latex/amsfonts/ueus.fd
File: ueus.fd 1995/01/05 v2.2e AMS font definitions
) [3


]
File: fig4.bmp Graphic file (type bmp)

<fig4.bmp 340bp x 170bp> [4] [5]
File: fig5.bmp Graphic file (type bmp)
 <fig5.bmp 226bp x 170bp> [6]
File: fig6.bmp Graphic file (type bmp)

<fig6.bmp 226bp x 170bp>
File: fig7.bmp Graphic file (type bmp)
 <fig7.bmp 226bp x 170bp> [7]
LaTeX Font Info:    Font shape `JY1/mc/m/n' will be
(Font)              scaled to size 7.68799pt on input line 305.
LaTeX Font Info:    Font shape `JY1/mc/m/n' will be
(Font)              scaled to size 5.76599pt on input line 305.
 [8]
File: fig8.bmp Graphic file (type bmp)

<fig8.bmp 255bp x 113bp> [9]) [10]
\openout2 = `sec1x3.aux'.

 (sec1x3.tex

LaTeX Warning: Reference `eq1.3.3' on page 11 undefined on input line 59.

[11


]
LaTeX Font Info:    Font shape `JY1/gt/m/n' will be
(Font)              scaled to size 8.64899pt on input line 120.
LaTeX Font Info:    Font shape `JY1/gt/m/n' will be
(Font)              scaled to size 7.68799pt on input line 143.
 [12] [13] [14]) [15]
\openout2 = `sec2x1.aux'.

 (sec2x1.tex [16



]
第2章
[17] [18]) [19]
\openout2 = `sec2x2.aux'.

 (sec2x2.tex [20


] [21]
LaTeX Font Info:    Font shape `JY1/mc/bx/n' in size <9> not available
(Font)              Font shape `JY1/gt/m/n' tried instead on input line 163.
LaTeX Font Info:    Font shape `JY1/gt/m/n' will be
(Font)              scaled to size 8.64899pt on input line 163.
LaTeX Font Info:    Font shape `JT1/mc/bx/n' in size <9> not available
(Font)              Font shape `JT1/gt/m/n' tried instead on input line 163.
 [22] [23]
File: fig11.bmp Graphic file (type bmp)
 <fig11.bmp 170bp x 113bp>
LaTeX Font Info:    Font shape `JY1/mc/bx/n' in size <8> not available
(Font)              Font shape `JY1/gt/m/n' tried instead on input line 354.
LaTeX Font Info:    Font shape `JY1/gt/m/n' will be
(Font)              scaled to size 7.68799pt on input line 354.
LaTeX Font Info:    Font shape `JT1/mc/bx/n' in size <8> not available
(Font)              Font shape `JT1/gt/m/n' tried instead on input line 354.

[24]) [25]
\openout2 = `sec2x3.aux'.

 (sec2x3.tex [26


] [27]) [28]
\openout2 = `sec2x4.aux'.

 (sec2x4.tex [29


] [30]
Overfull \hbox (12.04953pt too wide) in paragraph at lines 204--215
[] \JY1/mc/m/n/10 （ ⅱ ） つぎに $[] [] \OML/cmm/m/it/10 < \OT1/cmr/m/n/10 +\O
MS/cmsy/m/n/10 1$ \JY1/mc/m/n/10 として ， $[] [] \OML/cmm/m/it/10 < \OT1/cmr/m
/n/10 1\OML/cmm/m/it/10 =r$ \JY1/mc/m/n/10 となるような $\OML/cmm/m/it/10 r > \
OT1/cmr/m/n/10 0$ \JY1/mc/m/n/10 をとる ． $[] []\OMS/cmsy/m/n/10 f[]g \OML/cmm
/m/it/10 <
 []

[31]
Overfull \hbox (1.94325pt too wide) in paragraph at lines 260--266
\JY1/mc/m/n/10 したが って $\OML/cmm/m/it/10 n \U/msa/m/n/10 = \OML/cmm/m/it/10
 n[]$ \JY1/mc/m/n/10 に対し $\OMS/cmsy/m/n/10 j\OML/cmm/m/it/10 a[]\OMS/cmsy/m/
n/10 j\OML/cmm/m/it/10 r[] < \OMS/cmsy/m/n/10 j\OML/cmm/m/it/10 a[]\OMS/cmsy/m/
n/10 j\OML/cmm/m/it/10 r[]$\OT1/cmr/m/n/10 . $\OMS/cmsy/m/n/10 j\OML/cmm/m/it/1
0 a[]\OMS/cmsy/m/n/10 j\OML/cmm/m/it/10 r[]$ \JY1/mc/m/n/10 は $\OMS/cmsy/m/n/1
0 fj\OML/cmm/m/it/10 a[]\OMS/cmsy/m/n/10 j\OML/cmm/m/it/10 r[]\OMS/cmsy/m/n/10 
g[]$ \JY1/mc/m/n/10 の上界であるから $[]\OMS/cmsy/m/n/10 fj\OML/cmm/m/it/10 a[]
\OMS/cmsy/m/n/10 j\OML/cmm/m/it/10 r[]\OMS/cmsy/m/n/10 g[] \U/msa/m/n/10 5
 []

[32] [33] [34] [35] [36]) [37]
\openout2 = `sec2x5.aux'.

 (sec2x5.tex
File: fig13.bmp Graphic file (type bmp)
 <fig13.bmp 170bp x 133bp> [38


]
[39] [40]

LaTeX Warning: Reference `eq2x4x14' on page 41 undefined on input line 223.


LaTeX Warning: Reference `2x5x13' on page 41 undefined on input line 247.

File: fig14.bmp Graphic file (type bmp)
<fig14.bmp 226bp x 133bp> [41] [42]) [43]
\openout2 = `sec2x6.aux'.

 (sec2x6.tex [44


] [45]

LaTeX Warning: Reference `2x6x3' on page 46 undefined on input line 163.

[46] [47]) [48]
\openout2 = `sec2x7.aux'.

 (sec2x7.tex [49


]) [50] (fukuso.aux (sec0.aux) (sec1x1.aux)
(sec1x2.aux) (sec1x3.aux) (sec2x1.aux) (sec2x2.aux) (sec2x3.aux) (sec2x4.aux)
(sec2x5.aux) (sec2x6.aux) (sec2x7.aux))

LaTeX Warning: There were undefined references.


LaTeX Warning: There were multiply-defined labels.

 ) 
Here is how much of TeX's memory you used:
 1900 strings out of 10649
 19922 string characters out of 69356
 81613 words of memory out of 250001
 4892 multiletter control sequences out of 10000+0
 25443 words of font info for 121 fonts, out of 100000 for 500
 14 hyphenation exceptions out of 1000
 32i,14n,22p,225b,404s stack positions out of 300i,100n,500p,3000b,4000s

Output written on fukuso.dvi (56 pages, 217000 bytes).
